c:\users\burger\desktop\chess\chess\x64\debug\vc143.pdb
c:\users\burger\desktop\chess\chess\x64\debug\vc143.idb
c:\users\burger\desktop\chess\chess\x64\debug\piece.obj
c:\users\burger\desktop\chess\chess\x64\debug\emptypiece.obj
c:\users\burger\desktop\chess\chess\x64\debug\chess.obj
c:\users\burger\desktop\chess\chess\x64\debug\boardspace.obj
c:\users\burger\desktop\chess\chess\x64\debug\board.obj
c:\users\burger\desktop\chess\chess\x64\debug\pawnpiece.obj
c:\users\burger\desktop\chess\chess\x64\debug\rookpiece.obj
c:\users\burger\desktop\chess\chess\x64\debug\queenpiece.obj
c:\users\burger\desktop\chess\chess\x64\debug\knightpiece.obj
c:\users\burger\desktop\chess\chess\x64\debug\kingpiece.obj
c:\users\burger\desktop\chess\chess\x64\debug\bishoppiece.obj
c:\users\burger\desktop\chess\chess\x64\debug\chess.exe
c:\users\burger\desktop\chess\chess\x64\debug\chess.ilk
c:\users\burger\desktop\chess\chess\x64\debug\chess.pdb
c:\users\burger\desktop\chess\chess\x64\debug\chess.tlog\cl.command.1.tlog
c:\users\burger\desktop\chess\chess\x64\debug\chess.tlog\cl.read.1.tlog
c:\users\burger\desktop\chess\chess\x64\debug\chess.tlog\cl.write.1.tlog
c:\users\burger\desktop\chess\chess\x64\debug\chess.tlog\link.command.1.tlog
c:\users\burger\desktop\chess\chess\x64\debug\chess.tlog\link.read.1.tlog
c:\users\burger\desktop\chess\chess\x64\debug\chess.tlog\link.write.1.tlog
